
*** Running vivado
    with args -log SPM.vds -m64 -product Vivado -mode batch -messageDb vivado.pb -notrace -source SPM.tcl



****** Vivado v2024.2 (64-bit)
  **** SW Build 5239630 on Fri Nov 08 22:35:27 MST 2024
  **** IP Build 5239520 on Sun Nov 10 16:12:51 MST 2024
  **** SharedData Build 5239561 on Fri Nov 08 14:39:27 MST 2024
  **** Start of session at: Sun May 18 19:31:23 2025
    ** Copyright 1986-2022 Xilinx, Inc. All Rights Reserved.
    ** Copyright 2022-2024 Advanced Micro Devices, Inc. All Rights Reserved.

source SPM.tcl -notrace
Command: read_checkpoint -auto_incremental -incremental C:/Users/youfi/SequentialMultiplier/SequentialMultiplier.srcs/utils_1/imports/synth_1/CSA.dcp
INFO: [Vivado 12-5825] Read reference checkpoint from C:/Users/youfi/SequentialMultiplier/SequentialMultiplier.srcs/utils_1/imports/synth_1/CSA.dcp for incremental synthesis
INFO: [Vivado 12-7989] Please ensure there are no constraint changes
Command: synth_design -top SPM -part xc7a35tcpg236-1
Starting synth_design
Attempting to get a license for feature 'Synthesis' and/or device 'xc7a35t'
INFO: [Common 17-349] Got license for feature 'Synthesis' and/or device 'xc7a35t'
INFO: [Synth 8-7079] Multithreading enabled for synth_design using a maximum of 2 processes.
INFO: [Synth 8-7078] Launching helper process for spawning children vivado processes
INFO: [Synth 8-7075] Helper process launched with PID 2844
---------------------------------------------------------------------------------
Starting Synthesize : Time (s): cpu = 00:00:07 ; elapsed = 00:00:07 . Memory (MB): peak = 849.945 ; gain = 470.605
---------------------------------------------------------------------------------
WARNING: [Synth 8-11121] redeclaration of ANSI port 'count' is not allowed [C:/Users/youfi/SequentialMultiplier/SequentialMultiplier.srcs/sources_1/new/Binary_Counter.v:24]
WARNING: [Synth 8-11121] redeclaration of ANSI port 'P_reg' is not allowed [C:/Users/youfi/SequentialMultiplier/SequentialMultiplier.srcs/sources_1/new/SPM.v:67]
INFO: [Synth 8-6157] synthesizing module 'SPM' [C:/Users/youfi/SequentialMultiplier/SequentialMultiplier.srcs/sources_1/new/SPM.v:23]
INFO: [Synth 8-6157] synthesizing module 'Push_Button_Detector' [C:/Users/youfi/SequentialMultiplier/SequentialMultiplier.srcs/sources_1/new/Push_Button_Detector.v:23]
INFO: [Synth 8-6157] synthesizing module 'Clock_Dvider' [C:/Users/youfi/SequentialMultiplier/SequentialMultiplier.srcs/sources_1/new/Clock_Dvider.v:23]
	Parameter n bound to: 250000 - type: integer 
INFO: [Synth 8-6157] synthesizing module 'Binary_Counter' [C:/Users/youfi/SequentialMultiplier/SequentialMultiplier.srcs/sources_1/new/Binary_Counter.v:23]
	Parameter x bound to: 32 - type: integer 
	Parameter n bound to: 250000 - type: integer 
INFO: [Synth 8-6155] done synthesizing module 'Binary_Counter' (0#1) [C:/Users/youfi/SequentialMultiplier/SequentialMultiplier.srcs/sources_1/new/Binary_Counter.v:23]
INFO: [Synth 8-6155] done synthesizing module 'Clock_Dvider' (0#1) [C:/Users/youfi/SequentialMultiplier/SequentialMultiplier.srcs/sources_1/new/Clock_Dvider.v:23]
INFO: [Synth 8-6157] synthesizing module 'debouncer' [C:/Users/youfi/SequentialMultiplier/SequentialMultiplier.srcs/sources_1/new/debouncer.v:22]
INFO: [Synth 8-6155] done synthesizing module 'debouncer' (0#1) [C:/Users/youfi/SequentialMultiplier/SequentialMultiplier.srcs/sources_1/new/debouncer.v:22]
INFO: [Synth 8-6157] synthesizing module 'synchronizer' [C:/Users/youfi/SequentialMultiplier/SequentialMultiplier.srcs/sources_1/new/synchronizer.v:23]
INFO: [Synth 8-6155] done synthesizing module 'synchronizer' (0#1) [C:/Users/youfi/SequentialMultiplier/SequentialMultiplier.srcs/sources_1/new/synchronizer.v:23]
INFO: [Synth 8-6157] synthesizing module 'Rising_Edge_Detector' [C:/Users/youfi/SequentialMultiplier/SequentialMultiplier.srcs/sources_1/new/Rising_Edge_Detector.v:23]
INFO: [Synth 8-6155] done synthesizing module 'Rising_Edge_Detector' (0#1) [C:/Users/youfi/SequentialMultiplier/SequentialMultiplier.srcs/sources_1/new/Rising_Edge_Detector.v:23]
INFO: [Synth 8-6155] done synthesizing module 'Push_Button_Detector' (0#1) [C:/Users/youfi/SequentialMultiplier/SequentialMultiplier.srcs/sources_1/new/Push_Button_Detector.v:23]
INFO: [Synth 8-6157] synthesizing module 'Binary_Counter__parameterized0' [C:/Users/youfi/SequentialMultiplier/SequentialMultiplier.srcs/sources_1/new/Binary_Counter.v:23]
	Parameter x bound to: 3 - type: integer 
	Parameter n bound to: 8 - type: integer 
INFO: [Synth 8-6155] done synthesizing module 'Binary_Counter__parameterized0' (0#1) [C:/Users/youfi/SequentialMultiplier/SequentialMultiplier.srcs/sources_1/new/Binary_Counter.v:23]
INFO: [Synth 8-6157] synthesizing module 'Binary_Counter__parameterized1' [C:/Users/youfi/SequentialMultiplier/SequentialMultiplier.srcs/sources_1/new/Binary_Counter.v:23]
	Parameter x bound to: 5 - type: integer 
	Parameter n bound to: 17 - type: integer 
INFO: [Synth 8-6155] done synthesizing module 'Binary_Counter__parameterized1' (0#1) [C:/Users/youfi/SequentialMultiplier/SequentialMultiplier.srcs/sources_1/new/Binary_Counter.v:23]
INFO: [Synth 8-6157] synthesizing module 'TCMP' [C:/Users/youfi/SequentialMultiplier/SequentialMultiplier.srcs/sources_1/new/TCMP.v:23]
INFO: [Synth 8-6155] done synthesizing module 'TCMP' (0#1) [C:/Users/youfi/SequentialMultiplier/SequentialMultiplier.srcs/sources_1/new/TCMP.v:23]
INFO: [Synth 8-6157] synthesizing module 'CSA' [C:/Users/youfi/SequentialMultiplier/SequentialMultiplier.srcs/sources_1/new/CSA.v:24]
INFO: [Synth 8-6157] synthesizing module 'HA' [C:/Users/youfi/SequentialMultiplier/SequentialMultiplier.srcs/sources_1/new/HA.v:23]
INFO: [Synth 8-6155] done synthesizing module 'HA' (0#1) [C:/Users/youfi/SequentialMultiplier/SequentialMultiplier.srcs/sources_1/new/HA.v:23]
INFO: [Synth 8-6155] done synthesizing module 'CSA' (0#1) [C:/Users/youfi/SequentialMultiplier/SequentialMultiplier.srcs/sources_1/new/CSA.v:24]
INFO: [Synth 8-6155] done synthesizing module 'SPM' (0#1) [C:/Users/youfi/SequentialMultiplier/SequentialMultiplier.srcs/sources_1/new/SPM.v:23]
WARNING: [Synth 8-7137] Register Y_reg_reg in module SPM has both Set and reset with same priority. This may cause simulation mismatches. Consider rewriting code  [C:/Users/youfi/SequentialMultiplier/SequentialMultiplier.srcs/sources_1/new/SPM.v:33]
WARNING: [Synth 8-7137] Register P_reg_reg in module SPM has both Set and reset with same priority. This may cause simulation mismatches. Consider rewriting code  [C:/Users/youfi/SequentialMultiplier/SequentialMultiplier.srcs/sources_1/new/SPM.v:70]
WARNING: [Synth 8-7137] Register done_reg in module SPM has both Set and reset with same priority. This may cause simulation mismatches. Consider rewriting code  [C:/Users/youfi/SequentialMultiplier/SequentialMultiplier.srcs/sources_1/new/SPM.v:71]
---------------------------------------------------------------------------------
Finished Synthesize : Time (s): cpu = 00:00:08 ; elapsed = 00:00:09 . Memory (MB): peak = 956.551 ; gain = 577.211
---------------------------------------------------------------------------------
---------------------------------------------------------------------------------
Finished Constraint Validation : Time (s): cpu = 00:00:09 ; elapsed = 00:00:09 . Memory (MB): peak = 956.551 ; gain = 577.211
---------------------------------------------------------------------------------
---------------------------------------------------------------------------------
Start Loading Part and Timing Information
---------------------------------------------------------------------------------
Loading part: xc7a35tcpg236-1
---------------------------------------------------------------------------------
Finished Loading Part and Timing Information : Time (s): cpu = 00:00:09 ; elapsed = 00:00:09 . Memory (MB): peak = 956.551 ; gain = 577.211
---------------------------------------------------------------------------------
INFO: [Device 21-403] Loading part xc7a35tcpg236-1
---------------------------------------------------------------------------------
Start Preparing Guide Design
---------------------------------------------------------------------------------
CRITICAL WARNING: [Synth 8-6895] The reference checkpoint C:/Users/youfi/SequentialMultiplier/SequentialMultiplier.srcs/utils_1/imports/synth_1/CSA.dcp is not suitable for use with incremental synthesis for this design. Please regenerate the checkpoint for this design with -incremental_synth switch in the same Vivado session that synth_design has been run. Synthesis will continue with the default flow
---------------------------------------------------------------------------------
Finished Doing Graph Differ : Time (s): cpu = 00:00:09 ; elapsed = 00:00:09 . Memory (MB): peak = 956.551 ; gain = 577.211
---------------------------------------------------------------------------------
---------------------------------------------------------------------------------
Finished Preparing Guide Design : Time (s): cpu = 00:00:09 ; elapsed = 00:00:09 . Memory (MB): peak = 956.551 ; gain = 577.211
---------------------------------------------------------------------------------
INFO: [Synth 8-802] inferred FSM for state register 'state_reg' in module 'Rising_Edge_Detector'
---------------------------------------------------------------------------------------------------
                   State |                     New Encoding |                Previous Encoding 
---------------------------------------------------------------------------------------------------
                       A |                               00 |                               00
                       B |                               01 |                               01
                       C |                               10 |                               10
---------------------------------------------------------------------------------------------------
INFO: [Synth 8-3354] encoded FSM with state register 'state_reg' using encoding 'sequential' in module 'Rising_Edge_Detector'
---------------------------------------------------------------------------------
Finished RTL Optimization Phase 2 : Time (s): cpu = 00:00:10 ; elapsed = 00:00:10 . Memory (MB): peak = 956.551 ; gain = 577.211
---------------------------------------------------------------------------------


Incremental Synthesis Report Summary:

1. Incremental synthesis run: no

   Reason for not running incremental synthesis : 


INFO: [Synth 8-7130] Flow is switching to default flow due to incremental criteria not met. If you would like to alter this behaviour and have the flow terminate instead, please set the following parameter config_implementation {autoIncr.Synth.RejectBehavior Terminate}
No constraint files found.
---------------------------------------------------------------------------------
Start RTL Component Statistics 
---------------------------------------------------------------------------------
Detailed RTL Component Info : 
+---Adders : 
	   2 Input   32 Bit       Adders := 1     
	   2 Input    5 Bit       Adders := 1     
	   2 Input    3 Bit       Adders := 1     
+---XORs : 
	   2 Input      1 Bit         XORs := 22    
+---Registers : 
	               32 Bit    Registers := 1     
	               16 Bit    Registers := 1     
	                8 Bit    Registers := 1     
	                5 Bit    Registers := 1     
	                3 Bit    Registers := 1     
	                1 Bit    Registers := 23    
+---Muxes : 
	   2 Input   16 Bit        Muxes := 4     
	   2 Input    8 Bit        Muxes := 2     
	   2 Input    5 Bit        Muxes := 1     
	   2 Input    3 Bit        Muxes := 1     
	   3 Input    2 Bit        Muxes := 1     
	   2 Input    2 Bit        Muxes := 3     
	   2 Input    1 Bit        Muxes := 3     
---------------------------------------------------------------------------------
Finished RTL Component Statistics 
---------------------------------------------------------------------------------
---------------------------------------------------------------------------------
Start Part Resource Summary
---------------------------------------------------------------------------------
Part Resources:
DSPs: 90 (col length:60)
BRAMs: 100 (col length: RAMB18 60 RAMB36 30)
---------------------------------------------------------------------------------
Finished Part Resource Summary
---------------------------------------------------------------------------------
No constraint files found.
---------------------------------------------------------------------------------
Start Cross Boundary and Area Optimization
---------------------------------------------------------------------------------
WARNING: [Synth 8-7080] Parallel synthesis criteria is not met
---------------------------------------------------------------------------------
Finished Cross Boundary and Area Optimization : Time (s): cpu = 00:00:14 ; elapsed = 00:00:15 . Memory (MB): peak = 1141.734 ; gain = 762.395
---------------------------------------------------------------------------------
No constraint files found.
---------------------------------------------------------------------------------
Start Timing Optimization
---------------------------------------------------------------------------------
---------------------------------------------------------------------------------
Finished Timing Optimization : Time (s): cpu = 00:00:14 ; elapsed = 00:00:15 . Memory (MB): peak = 1141.734 ; gain = 762.395
---------------------------------------------------------------------------------
---------------------------------------------------------------------------------
Start Technology Mapping
---------------------------------------------------------------------------------
---------------------------------------------------------------------------------
Finished Technology Mapping : Time (s): cpu = 00:00:14 ; elapsed = 00:00:15 . Memory (MB): peak = 1141.734 ; gain = 762.395
---------------------------------------------------------------------------------
---------------------------------------------------------------------------------
Start IO Insertion
---------------------------------------------------------------------------------
---------------------------------------------------------------------------------
Start Flattening Before IO Insertion
---------------------------------------------------------------------------------
---------------------------------------------------------------------------------
Finished Flattening Before IO Insertion
---------------------------------------------------------------------------------
---------------------------------------------------------------------------------
Start Final Netlist Cleanup
---------------------------------------------------------------------------------
---------------------------------------------------------------------------------
Finished Final Netlist Cleanup
---------------------------------------------------------------------------------
---------------------------------------------------------------------------------
Finished IO Insertion : Time (s): cpu = 00:00:18 ; elapsed = 00:00:20 . Memory (MB): peak = 1339.184 ; gain = 959.844
---------------------------------------------------------------------------------
---------------------------------------------------------------------------------
Start Renaming Generated Instances
---------------------------------------------------------------------------------
---------------------------------------------------------------------------------
Finished Renaming Generated Instances : Time (s): cpu = 00:00:18 ; elapsed = 00:00:20 . Memory (MB): peak = 1339.184 ; gain = 959.844
---------------------------------------------------------------------------------
---------------------------------------------------------------------------------
Start Rebuilding User Hierarchy
---------------------------------------------------------------------------------
---------------------------------------------------------------------------------
Finished Rebuilding User Hierarchy : Time (s): cpu = 00:00:18 ; elapsed = 00:00:20 . Memory (MB): peak = 1339.184 ; gain = 959.844
---------------------------------------------------------------------------------
---------------------------------------------------------------------------------
Start Renaming Generated Ports
---------------------------------------------------------------------------------
---------------------------------------------------------------------------------
Finished Renaming Generated Ports : Time (s): cpu = 00:00:18 ; elapsed = 00:00:20 . Memory (MB): peak = 1339.184 ; gain = 959.844
---------------------------------------------------------------------------------
---------------------------------------------------------------------------------
Start Handling Custom Attributes
---------------------------------------------------------------------------------
---------------------------------------------------------------------------------
Finished Handling Custom Attributes : Time (s): cpu = 00:00:18 ; elapsed = 00:00:20 . Memory (MB): peak = 1339.184 ; gain = 959.844
---------------------------------------------------------------------------------
---------------------------------------------------------------------------------
Start Renaming Generated Nets
---------------------------------------------------------------------------------
---------------------------------------------------------------------------------
Finished Renaming Generated Nets : Time (s): cpu = 00:00:18 ; elapsed = 00:00:20 . Memory (MB): peak = 1339.184 ; gain = 959.844
---------------------------------------------------------------------------------
---------------------------------------------------------------------------------
Start Writing Synthesis Report
---------------------------------------------------------------------------------

Report BlackBoxes: 
+-+--------------+----------+
| |BlackBox name |Instances |
+-+--------------+----------+
+-+--------------+----------+

Report Cell Usage: 
+------+-----+------+
|      |Cell |Count |
+------+-----+------+
|1     |BUFG |     1|
|2     |LUT2 |    18|
|3     |LUT3 |    30|
|4     |LUT4 |     3|
|5     |LUT5 |    12|
|6     |LUT6 |    48|
|7     |FDCE |    54|
|8     |FDPE |    25|
|9     |FDRE |     2|
|10    |LDC  |    25|
|11    |IBUF |    19|
|12    |OBUF |    17|
+------+-----+------+

Report Instance Areas: 
+------+-----------------+-------------------------------+------+
|      |Instance         |Module                         |Cells |
+------+-----------------+-------------------------------+------+
|1     |top              |                               |   254|
|2     |  CSA0           |CSA                            |     3|
|3     |  CSA1           |CSA_0                          |     4|
|4     |  CSA2           |CSA_1                          |     4|
|5     |  CSA3           |CSA_2                          |     4|
|6     |  CSA4           |CSA_3                          |     4|
|7     |  CSA5           |CSA_4                          |     4|
|8     |  CSA6           |CSA_5                          |     4|
|9     |  MyStart_Button |Push_Button_Detector           |    13|
|10    |    A            |debouncer                      |     4|
|11    |    B            |synchronizer                   |     2|
|12    |    C            |Rising_Edge_Detector           |     7|
|13    |  P_Counter      |Binary_Counter__parameterized1 |    59|
|14    |  TCMP1          |TCMP                           |     5|
|15    |  Y_Counter      |Binary_Counter__parameterized0 |    14|
+------+-----------------+-------------------------------+------+
---------------------------------------------------------------------------------
Finished Writing Synthesis Report : Time (s): cpu = 00:00:18 ; elapsed = 00:00:20 . Memory (MB): peak = 1339.184 ; gain = 959.844
---------------------------------------------------------------------------------
Synthesis finished with 0 errors, 1 critical warnings and 6 warnings.
Synthesis Optimization Runtime : Time (s): cpu = 00:00:18 ; elapsed = 00:00:20 . Memory (MB): peak = 1339.184 ; gain = 959.844
Synthesis Optimization Complete : Time (s): cpu = 00:00:18 ; elapsed = 00:00:20 . Memory (MB): peak = 1339.184 ; gain = 959.844
INFO: [Project 1-571] Translating synthesized netlist
Netlist sorting complete. Time (s): cpu = 00:00:00 ; elapsed = 00:00:00.002 . Memory (MB): peak = 1355.258 ; gain = 0.000
INFO: [Netlist 29-17] Analyzing 25 Unisim elements for replacement
INFO: [Netlist 29-28] Unisim Transformation completed in 0 CPU seconds
INFO: [Project 1-570] Preparing netlist for logic optimization
INFO: [Opt 31-138] Pushed 0 inverter(s) to 0 load pin(s).
Netlist sorting complete. Time (s): cpu = 00:00:00 ; elapsed = 00:00:00 . Memory (MB): peak = 1464.004 ; gain = 0.000
INFO: [Project 1-111] Unisim Transformation Summary:
  A total of 25 instances were transformed.
  LDC => LDCE: 25 instances

Synth Design complete | Checksum: f78374ba
INFO: [Common 17-83] Releasing license: Synthesis
41 Infos, 6 Warnings, 1 Critical Warnings and 0 Errors encountered.
synth_design completed successfully
synth_design: Time (s): cpu = 00:00:20 ; elapsed = 00:00:24 . Memory (MB): peak = 1464.004 ; gain = 1090.898
INFO: [runtcl-6] Synthesis results are not added to the cache due to CRITICAL_WARNING
Write ShapeDB Complete: Time (s): cpu = 00:00:00 ; elapsed = 00:00:00.001 . Memory (MB): peak = 1464.004 ; gain = 0.000
INFO: [Common 17-1381] The checkpoint 'C:/Users/youfi/SequentialMultiplier/SequentialMultiplier.runs/synth_1/SPM.dcp' has been generated.
INFO: [Vivado 12-24828] Executing command : report_utilization -file SPM_utilization_synth.rpt -pb SPM_utilization_synth.pb
INFO: [Common 17-206] Exiting Vivado at Sun May 18 19:31:55 2025...
