
*** Running vivado
    with args -log top.vds -m64 -product Vivado -mode batch -messageDb vivado.pb -notrace -source top.tcl



****** Vivado v2024.2 (64-bit)
  **** SW Build 5239630 on Fri Nov 08 22:35:27 MST 2024
  **** IP Build 5239520 on Sun Nov 10 16:12:51 MST 2024
  **** SharedData Build 5239561 on Fri Nov 08 14:39:27 MST 2024
  **** Start of session at: Wed May 21 00:34:49 2025
    ** Copyright 1986-2022 Xilinx, Inc. All Rights Reserved.
    ** Copyright 2022-2024 Advanced Micro Devices, Inc. All Rights Reserved.

source top.tcl -notrace
Command: read_checkpoint -auto_incremental -incremental D:/SignedSPM/Eight_bit_SPM/Eight_bit_SPM.srcs/utils_1/imports/synth_1/SPM.dcp
INFO: [Vivado 12-5825] Read reference checkpoint from D:/SignedSPM/Eight_bit_SPM/Eight_bit_SPM.srcs/utils_1/imports/synth_1/SPM.dcp for incremental synthesis
INFO: [Vivado 12-7989] Please ensure there are no constraint changes
Command: synth_design -top top -part xc7a35tcpg236-1
Starting synth_design
Attempting to get a license for feature 'Synthesis' and/or device 'xc7a35t'
INFO: [Common 17-349] Got license for feature 'Synthesis' and/or device 'xc7a35t'
INFO: [Device 21-403] Loading part xc7a35tcpg236-1
INFO: [Designutils 20-5440] No compile time benefit to using incremental synthesis; A full resynthesis will be run
INFO: [Designutils 20-4379] Flow is switching to default flow due to incremental criteria not met. If you would like to alter this behaviour and have the flow terminate instead, please set the following parameter config_implementation {autoIncr.Synth.RejectBehavior Terminate}
INFO: [Synth 8-7079] Multithreading enabled for synth_design using a maximum of 2 processes.
INFO: [Synth 8-7078] Launching helper process for spawning children vivado processes
INFO: [Synth 8-7075] Helper process launched with PID 22780
---------------------------------------------------------------------------------
Starting RTL Elaboration : Time (s): cpu = 00:00:06 ; elapsed = 00:00:07 . Memory (MB): peak = 1029.938 ; gain = 467.719
---------------------------------------------------------------------------------
INFO: [Synth 8-6157] synthesizing module 'top' [D:/SignedSPM/Eight_bit_SPM/Eight_bit_SPM.srcs/sources_1/new/top.v:23]
INFO: [Synth 8-6157] synthesizing module 'Clock_Dvider' [D:/SignedSPM/Eight_bit_SPM/Eight_bit_SPM.srcs/sources_1/new/Clock_Dvider.v:23]
INFO: [Synth 8-6155] done synthesizing module 'Clock_Dvider' (0#1) [D:/SignedSPM/Eight_bit_SPM/Eight_bit_SPM.srcs/sources_1/new/Clock_Dvider.v:23]
INFO: [Synth 8-6157] synthesizing module 'PushButton' [D:/SignedSPM/Eight_bit_SPM/Eight_bit_SPM.srcs/sources_1/new/PushButton.v:23]
INFO: [Synth 8-6157] synthesizing module 'debouncer' [D:/SignedSPM/Eight_bit_SPM/Eight_bit_SPM.srcs/sources_1/new/debouncer.v:22]
INFO: [Synth 8-6155] done synthesizing module 'debouncer' (0#1) [D:/SignedSPM/Eight_bit_SPM/Eight_bit_SPM.srcs/sources_1/new/debouncer.v:22]
INFO: [Synth 8-6157] synthesizing module 'synchronizer' [D:/SignedSPM/Eight_bit_SPM/Eight_bit_SPM.srcs/sources_1/new/synchronizer.v:23]
INFO: [Synth 8-6155] done synthesizing module 'synchronizer' (0#1) [D:/SignedSPM/Eight_bit_SPM/Eight_bit_SPM.srcs/sources_1/new/synchronizer.v:23]
INFO: [Synth 8-6157] synthesizing module 'Meelay_RisingEdge_Detector' [D:/SignedSPM/Eight_bit_SPM/Eight_bit_SPM.srcs/sources_1/new/Meelay_RisingEdge_Detector.v:23]
INFO: [Synth 8-155] case statement is not full and has no default [D:/SignedSPM/Eight_bit_SPM/Eight_bit_SPM.srcs/sources_1/new/Meelay_RisingEdge_Detector.v:32]
INFO: [Synth 8-6155] done synthesizing module 'Meelay_RisingEdge_Detector' (0#1) [D:/SignedSPM/Eight_bit_SPM/Eight_bit_SPM.srcs/sources_1/new/Meelay_RisingEdge_Detector.v:23]
INFO: [Synth 8-6155] done synthesizing module 'PushButton' (0#1) [D:/SignedSPM/Eight_bit_SPM/Eight_bit_SPM.srcs/sources_1/new/PushButton.v:23]
INFO: [Synth 8-6157] synthesizing module 'SPM' [D:/SignedSPM/Eight_bit_SPM/Eight_bit_SPM.srcs/sources_1/new/SPM.v:23]
INFO: [Synth 8-6157] synthesizing module 'Counter' [D:/SignedSPM/Eight_bit_SPM/Eight_bit_SPM.srcs/sources_1/new/Counter.v:23]
	Parameter x bound to: 3 - type: integer 
	Parameter n bound to: 8 - type: integer 
INFO: [Synth 8-6155] done synthesizing module 'Counter' (0#1) [D:/SignedSPM/Eight_bit_SPM/Eight_bit_SPM.srcs/sources_1/new/Counter.v:23]
INFO: [Synth 8-6157] synthesizing module 'Counter__parameterized0' [D:/SignedSPM/Eight_bit_SPM/Eight_bit_SPM.srcs/sources_1/new/Counter.v:23]
	Parameter x bound to: 5 - type: integer 
	Parameter n bound to: 17 - type: integer 
INFO: [Synth 8-6155] done synthesizing module 'Counter__parameterized0' (0#1) [D:/SignedSPM/Eight_bit_SPM/Eight_bit_SPM.srcs/sources_1/new/Counter.v:23]
INFO: [Synth 8-6157] synthesizing module 'TCMP' [D:/SignedSPM/Eight_bit_SPM/Eight_bit_SPM.srcs/sources_1/new/TCMP.v:23]
INFO: [Synth 8-6155] done synthesizing module 'TCMP' (0#1) [D:/SignedSPM/Eight_bit_SPM/Eight_bit_SPM.srcs/sources_1/new/TCMP.v:23]
INFO: [Synth 8-6157] synthesizing module 'CSA' [D:/SignedSPM/Eight_bit_SPM/Eight_bit_SPM.srcs/sources_1/new/CSA.v:24]
INFO: [Synth 8-6157] synthesizing module 'HA' [D:/SignedSPM/Eight_bit_SPM/Eight_bit_SPM.srcs/sources_1/new/HA.v:23]
INFO: [Synth 8-6155] done synthesizing module 'HA' (0#1) [D:/SignedSPM/Eight_bit_SPM/Eight_bit_SPM.srcs/sources_1/new/HA.v:23]
INFO: [Synth 8-6155] done synthesizing module 'CSA' (0#1) [D:/SignedSPM/Eight_bit_SPM/Eight_bit_SPM.srcs/sources_1/new/CSA.v:24]
INFO: [Synth 8-6155] done synthesizing module 'SPM' (0#1) [D:/SignedSPM/Eight_bit_SPM/Eight_bit_SPM.srcs/sources_1/new/SPM.v:23]
INFO: [Synth 8-6157] synthesizing module 'Sign_Producer' [D:/SignedSPM/Eight_bit_SPM/Eight_bit_SPM.srcs/sources_1/new/Sign_Producer.v:23]
INFO: [Synth 8-6155] done synthesizing module 'Sign_Producer' (0#1) [D:/SignedSPM/Eight_bit_SPM/Eight_bit_SPM.srcs/sources_1/new/Sign_Producer.v:23]
INFO: [Synth 8-6157] synthesizing module 'BinarytoBCD' [D:/SignedSPM/Eight_bit_SPM/Eight_bit_SPM.srcs/sources_1/new/BinarytoBCD.v:23]
INFO: [Synth 8-6155] done synthesizing module 'BinarytoBCD' (0#1) [D:/SignedSPM/Eight_bit_SPM/Eight_bit_SPM.srcs/sources_1/new/BinarytoBCD.v:23]
INFO: [Synth 8-6157] synthesizing module 'Digit_Selector' [D:/SignedSPM/Eight_bit_SPM/Eight_bit_SPM.srcs/sources_1/new/Digit_Selector.v:23]
INFO: [Synth 8-6155] done synthesizing module 'Digit_Selector' (0#1) [D:/SignedSPM/Eight_bit_SPM/Eight_bit_SPM.srcs/sources_1/new/Digit_Selector.v:23]
WARNING: [Synth 8-689] width (5) of port connection 'D0' does not match port width (4) of module 'Digit_Selector' [D:/SignedSPM/Eight_bit_SPM/Eight_bit_SPM.srcs/sources_1/new/top.v:50]
WARNING: [Synth 8-689] width (5) of port connection 'D1' does not match port width (4) of module 'Digit_Selector' [D:/SignedSPM/Eight_bit_SPM/Eight_bit_SPM.srcs/sources_1/new/top.v:50]
WARNING: [Synth 8-689] width (5) of port connection 'D2' does not match port width (4) of module 'Digit_Selector' [D:/SignedSPM/Eight_bit_SPM/Eight_bit_SPM.srcs/sources_1/new/top.v:50]
WARNING: [Synth 8-689] width (5) of port connection 'D3' does not match port width (4) of module 'Digit_Selector' [D:/SignedSPM/Eight_bit_SPM/Eight_bit_SPM.srcs/sources_1/new/top.v:50]
WARNING: [Synth 8-689] width (5) of port connection 'D4' does not match port width (4) of module 'Digit_Selector' [D:/SignedSPM/Eight_bit_SPM/Eight_bit_SPM.srcs/sources_1/new/top.v:50]
WARNING: [Synth 8-689] width (5) of port connection 'S0' does not match port width (4) of module 'Digit_Selector' [D:/SignedSPM/Eight_bit_SPM/Eight_bit_SPM.srcs/sources_1/new/top.v:50]
WARNING: [Synth 8-689] width (5) of port connection 'S1' does not match port width (4) of module 'Digit_Selector' [D:/SignedSPM/Eight_bit_SPM/Eight_bit_SPM.srcs/sources_1/new/top.v:50]
WARNING: [Synth 8-689] width (5) of port connection 'S2' does not match port width (4) of module 'Digit_Selector' [D:/SignedSPM/Eight_bit_SPM/Eight_bit_SPM.srcs/sources_1/new/top.v:50]
INFO: [Synth 8-6157] synthesizing module 'DigitDisplayDriver' [D:/SignedSPM/Eight_bit_SPM/Eight_bit_SPM.srcs/sources_1/new/DigitDisplayDriver.v:23]
INFO: [Synth 8-6157] synthesizing module 'Binary_Counter' [D:/SignedSPM/Eight_bit_SPM/Eight_bit_SPM.srcs/sources_1/new/Binary_Counter.v:23]
	Parameter x bound to: 2 - type: integer 
	Parameter n bound to: 4 - type: integer 
INFO: [Synth 8-6155] done synthesizing module 'Binary_Counter' (0#1) [D:/SignedSPM/Eight_bit_SPM/Eight_bit_SPM.srcs/sources_1/new/Binary_Counter.v:23]
INFO: [Synth 8-6157] synthesizing module 'Seven_Segment_Display' [D:/SignedSPM/Eight_bit_SPM/Eight_bit_SPM.srcs/sources_1/new/Seven_Segment_Display.v:23]
INFO: [Synth 8-6155] done synthesizing module 'Seven_Segment_Display' (0#1) [D:/SignedSPM/Eight_bit_SPM/Eight_bit_SPM.srcs/sources_1/new/Seven_Segment_Display.v:23]
INFO: [Synth 8-6155] done synthesizing module 'DigitDisplayDriver' (0#1) [D:/SignedSPM/Eight_bit_SPM/Eight_bit_SPM.srcs/sources_1/new/DigitDisplayDriver.v:23]
WARNING: [Synth 8-689] width (5) of port connection 'BCD0' does not match port width (4) of module 'DigitDisplayDriver' [D:/SignedSPM/Eight_bit_SPM/Eight_bit_SPM.srcs/sources_1/new/top.v:52]
WARNING: [Synth 8-689] width (5) of port connection 'BCD1' does not match port width (4) of module 'DigitDisplayDriver' [D:/SignedSPM/Eight_bit_SPM/Eight_bit_SPM.srcs/sources_1/new/top.v:52]
WARNING: [Synth 8-689] width (5) of port connection 'BCD2' does not match port width (4) of module 'DigitDisplayDriver' [D:/SignedSPM/Eight_bit_SPM/Eight_bit_SPM.srcs/sources_1/new/top.v:52]
INFO: [Synth 8-6155] done synthesizing module 'top' (0#1) [D:/SignedSPM/Eight_bit_SPM/Eight_bit_SPM.srcs/sources_1/new/top.v:23]
---------------------------------------------------------------------------------
Finished RTL Elaboration : Time (s): cpu = 00:00:08 ; elapsed = 00:00:09 . Memory (MB): peak = 1140.859 ; gain = 578.641
---------------------------------------------------------------------------------
---------------------------------------------------------------------------------
Start Handling Custom Attributes
---------------------------------------------------------------------------------
---------------------------------------------------------------------------------
Finished Handling Custom Attributes : Time (s): cpu = 00:00:08 ; elapsed = 00:00:09 . Memory (MB): peak = 1140.859 ; gain = 578.641
---------------------------------------------------------------------------------
---------------------------------------------------------------------------------
Finished RTL Optimization Phase 1 : Time (s): cpu = 00:00:08 ; elapsed = 00:00:09 . Memory (MB): peak = 1140.859 ; gain = 578.641
---------------------------------------------------------------------------------
Netlist sorting complete. Time (s): cpu = 00:00:00 ; elapsed = 00:00:00.006 . Memory (MB): peak = 1140.859 ; gain = 0.000
INFO: [Project 1-570] Preparing netlist for logic optimization

Processing XDC Constraints
Initializing timing engine
Parsing XDC File [D:/SignedSPM/Eight_bit_SPM/Eight_bit_SPM.srcs/constrs_1/new/C.xdc]
Finished Parsing XDC File [D:/SignedSPM/Eight_bit_SPM/Eight_bit_SPM.srcs/constrs_1/new/C.xdc]
INFO: [Project 1-236] Implementation specific constraints were found while reading constraint file [D:/SignedSPM/Eight_bit_SPM/Eight_bit_SPM.srcs/constrs_1/new/C.xdc]. These constraints will be ignored for synthesis but will be used in implementation. Impacted constraints are listed in the file [.Xil/top_propImpl.xdc].
Resolution: To avoid this warning, move constraints listed in [.Xil/top_propImpl.xdc] to another XDC file and exclude this new file from synthesis with the used_in_synthesis property (File Properties dialog in GUI) and re-run elaboration/synthesis.
Completed Processing XDC Constraints

Netlist sorting complete. Time (s): cpu = 00:00:00 ; elapsed = 00:00:00 . Memory (MB): peak = 1227.883 ; gain = 0.000
INFO: [Project 1-111] Unisim Transformation Summary:
No Unisim elements were transformed.

Constraint Validation Runtime : Time (s): cpu = 00:00:00 ; elapsed = 00:00:00.004 . Memory (MB): peak = 1227.883 ; gain = 0.000
INFO: [Designutils 20-5440] No compile time benefit to using incremental synthesis; A full resynthesis will be run
INFO: [Designutils 20-4379] Flow is switching to default flow due to incremental criteria not met. If you would like to alter this behaviour and have the flow terminate instead, please set the following parameter config_implementation {autoIncr.Synth.RejectBehavior Terminate}
---------------------------------------------------------------------------------
Finished Constraint Validation : Time (s): cpu = 00:00:18 ; elapsed = 00:00:19 . Memory (MB): peak = 1227.883 ; gain = 665.664
---------------------------------------------------------------------------------
---------------------------------------------------------------------------------
Start Loading Part and Timing Information
---------------------------------------------------------------------------------
Loading part: xc7a35tcpg236-1
---------------------------------------------------------------------------------
Finished Loading Part and Timing Information : Time (s): cpu = 00:00:18 ; elapsed = 00:00:19 . Memory (MB): peak = 1227.883 ; gain = 665.664
---------------------------------------------------------------------------------
---------------------------------------------------------------------------------
Start Applying 'set_property' XDC Constraints
---------------------------------------------------------------------------------
---------------------------------------------------------------------------------
Finished applying 'set_property' XDC Constraints : Time (s): cpu = 00:00:18 ; elapsed = 00:00:19 . Memory (MB): peak = 1227.883 ; gain = 665.664
---------------------------------------------------------------------------------
INFO: [Synth 8-802] inferred FSM for state register 'state_reg' in module 'Meelay_RisingEdge_Detector'
---------------------------------------------------------------------------------------------------
                   State |                     New Encoding |                Previous Encoding 
---------------------------------------------------------------------------------------------------
                       A |                              001 |                               00
                       B |                              010 |                               01
                       C |                              100 |                               10
---------------------------------------------------------------------------------------------------
INFO: [Synth 8-3354] encoded FSM with state register 'state_reg' using encoding 'one-hot' in module 'Meelay_RisingEdge_Detector'
WARNING: [Synth 8-327] inferring latch for variable 'S0_reg' [D:/SignedSPM/Eight_bit_SPM/Eight_bit_SPM.srcs/sources_1/new/Digit_Selector.v:28]
WARNING: [Synth 8-327] inferring latch for variable 'S1_reg' [D:/SignedSPM/Eight_bit_SPM/Eight_bit_SPM.srcs/sources_1/new/Digit_Selector.v:29]
WARNING: [Synth 8-327] inferring latch for variable 'S2_reg' [D:/SignedSPM/Eight_bit_SPM/Eight_bit_SPM.srcs/sources_1/new/Digit_Selector.v:30]
---------------------------------------------------------------------------------
Finished RTL Optimization Phase 2 : Time (s): cpu = 00:00:18 ; elapsed = 00:00:19 . Memory (MB): peak = 1227.883 ; gain = 665.664
---------------------------------------------------------------------------------
---------------------------------------------------------------------------------
Start RTL Component Statistics 
---------------------------------------------------------------------------------
Detailed RTL Component Info : 
+---Adders : 
	   2 Input   32 Bit       Adders := 1     
	   2 Input   16 Bit       Adders := 1     
	   2 Input    5 Bit       Adders := 1     
	   2 Input    4 Bit       Adders := 43    
	   2 Input    3 Bit       Adders := 2     
	   2 Input    2 Bit       Adders := 2     
+---XORs : 
	   2 Input      1 Bit         XORs := 22    
+---Registers : 
	               32 Bit    Registers := 1     
	               16 Bit    Registers := 2     
	                8 Bit    Registers := 1     
	                5 Bit    Registers := 1     
	                3 Bit    Registers := 1     
	                2 Bit    Registers := 2     
	                1 Bit    Registers := 36    
+---Muxes : 
	   2 Input   19 Bit        Muxes := 1     
	   2 Input   16 Bit        Muxes := 1     
	   2 Input    8 Bit        Muxes := 2     
	   2 Input    7 Bit        Muxes := 1     
	   2 Input    5 Bit        Muxes := 1     
	   2 Input    4 Bit        Muxes := 40    
	   4 Input    4 Bit        Muxes := 1     
	   5 Input    4 Bit        Muxes := 1     
	   3 Input    3 Bit        Muxes := 3     
	   2 Input    3 Bit        Muxes := 7     
	   2 Input    2 Bit        Muxes := 2     
	   3 Input    1 Bit        Muxes := 3     
	   2 Input    1 Bit        Muxes := 8     
	   5 Input    1 Bit        Muxes := 1     
---------------------------------------------------------------------------------
Finished RTL Component Statistics 
---------------------------------------------------------------------------------
---------------------------------------------------------------------------------
Start Part Resource Summary
---------------------------------------------------------------------------------
Part Resources:
DSPs: 90 (col length:60)
BRAMs: 100 (col length: RAMB18 60 RAMB36 30)
---------------------------------------------------------------------------------
Finished Part Resource Summary
---------------------------------------------------------------------------------
---------------------------------------------------------------------------------
Start Cross Boundary and Area Optimization
---------------------------------------------------------------------------------
WARNING: [Synth 8-7080] Parallel synthesis criteria is not met
---------------------------------------------------------------------------------
Finished Cross Boundary and Area Optimization : Time (s): cpu = 00:00:26 ; elapsed = 00:00:27 . Memory (MB): peak = 1243.660 ; gain = 681.441
---------------------------------------------------------------------------------
---------------------------------------------------------------------------------
Start Applying XDC Timing Constraints
---------------------------------------------------------------------------------
---------------------------------------------------------------------------------
Finished Applying XDC Timing Constraints : Time (s): cpu = 00:00:33 ; elapsed = 00:00:34 . Memory (MB): peak = 1344.512 ; gain = 782.293
---------------------------------------------------------------------------------
---------------------------------------------------------------------------------
Start Timing Optimization
---------------------------------------------------------------------------------
---------------------------------------------------------------------------------
Finished Timing Optimization : Time (s): cpu = 00:00:33 ; elapsed = 00:00:34 . Memory (MB): peak = 1344.512 ; gain = 782.293
---------------------------------------------------------------------------------
---------------------------------------------------------------------------------
Start Technology Mapping
---------------------------------------------------------------------------------
WARNING: [Synth 8-3332] Sequential element (Shifter/S0_reg[3]) is unused and will be removed from module top.
WARNING: [Synth 8-3332] Sequential element (Shifter/S0_reg[2]) is unused and will be removed from module top.
WARNING: [Synth 8-3332] Sequential element (Shifter/S0_reg[1]) is unused and will be removed from module top.
WARNING: [Synth 8-3332] Sequential element (Shifter/S0_reg[0]) is unused and will be removed from module top.
WARNING: [Synth 8-3332] Sequential element (Shifter/S1_reg[3]) is unused and will be removed from module top.
WARNING: [Synth 8-3332] Sequential element (Shifter/S1_reg[2]) is unused and will be removed from module top.
WARNING: [Synth 8-3332] Sequential element (Shifter/S1_reg[1]) is unused and will be removed from module top.
WARNING: [Synth 8-3332] Sequential element (Shifter/S1_reg[0]) is unused and will be removed from module top.
WARNING: [Synth 8-3332] Sequential element (Shifter/S2_reg[3]) is unused and will be removed from module top.
WARNING: [Synth 8-3332] Sequential element (Shifter/S2_reg[2]) is unused and will be removed from module top.
WARNING: [Synth 8-3332] Sequential element (Shifter/S2_reg[1]) is unused and will be removed from module top.
WARNING: [Synth 8-3332] Sequential element (Shifter/S2_reg[0]) is unused and will be removed from module top.
---------------------------------------------------------------------------------
Finished Technology Mapping : Time (s): cpu = 00:00:33 ; elapsed = 00:00:34 . Memory (MB): peak = 1380.395 ; gain = 818.176
---------------------------------------------------------------------------------
---------------------------------------------------------------------------------
Start IO Insertion
---------------------------------------------------------------------------------
---------------------------------------------------------------------------------
Start Flattening Before IO Insertion
---------------------------------------------------------------------------------
---------------------------------------------------------------------------------
Finished Flattening Before IO Insertion
---------------------------------------------------------------------------------
---------------------------------------------------------------------------------
Start Final Netlist Cleanup
---------------------------------------------------------------------------------
---------------------------------------------------------------------------------
Finished Final Netlist Cleanup
---------------------------------------------------------------------------------
---------------------------------------------------------------------------------
Finished IO Insertion : Time (s): cpu = 00:00:38 ; elapsed = 00:00:39 . Memory (MB): peak = 1567.328 ; gain = 1005.109
---------------------------------------------------------------------------------
---------------------------------------------------------------------------------
Start Renaming Generated Instances
---------------------------------------------------------------------------------
---------------------------------------------------------------------------------
Finished Renaming Generated Instances : Time (s): cpu = 00:00:38 ; elapsed = 00:00:39 . Memory (MB): peak = 1567.328 ; gain = 1005.109
---------------------------------------------------------------------------------
---------------------------------------------------------------------------------
Start Rebuilding User Hierarchy
---------------------------------------------------------------------------------
---------------------------------------------------------------------------------
Finished Rebuilding User Hierarchy : Time (s): cpu = 00:00:38 ; elapsed = 00:00:39 . Memory (MB): peak = 1567.328 ; gain = 1005.109
---------------------------------------------------------------------------------
---------------------------------------------------------------------------------
Start Renaming Generated Ports
---------------------------------------------------------------------------------
---------------------------------------------------------------------------------
Finished Renaming Generated Ports : Time (s): cpu = 00:00:38 ; elapsed = 00:00:39 . Memory (MB): peak = 1567.328 ; gain = 1005.109
---------------------------------------------------------------------------------
---------------------------------------------------------------------------------
Start Handling Custom Attributes
---------------------------------------------------------------------------------
---------------------------------------------------------------------------------
Finished Handling Custom Attributes : Time (s): cpu = 00:00:38 ; elapsed = 00:00:39 . Memory (MB): peak = 1567.328 ; gain = 1005.109
---------------------------------------------------------------------------------
---------------------------------------------------------------------------------
Start Renaming Generated Nets
---------------------------------------------------------------------------------
---------------------------------------------------------------------------------
Finished Renaming Generated Nets : Time (s): cpu = 00:00:38 ; elapsed = 00:00:39 . Memory (MB): peak = 1567.328 ; gain = 1005.109
---------------------------------------------------------------------------------
---------------------------------------------------------------------------------
Start Writing Synthesis Report
---------------------------------------------------------------------------------

Report BlackBoxes: 
+-+--------------+----------+
| |BlackBox name |Instances |
+-+--------------+----------+
+-+--------------+----------+

Report Cell Usage: 
+------+-------+------+
|      |Cell   |Count |
+------+-------+------+
|1     |BUFG   |     2|
|2     |CARRY4 |    12|
|3     |LUT1   |     3|
|4     |LUT2   |    23|
|5     |LUT3   |    13|
|6     |LUT4   |    52|
|7     |LUT5   |    61|
|8     |LUT6   |    72|
|9     |FDCE   |   109|
|10    |FDPE   |     3|
|11    |FDRE   |    17|
|12    |IBUF   |    21|
|13    |OBUF   |    12|
+------+-------+------+
---------------------------------------------------------------------------------
Finished Writing Synthesis Report : Time (s): cpu = 00:00:38 ; elapsed = 00:00:39 . Memory (MB): peak = 1567.328 ; gain = 1005.109
---------------------------------------------------------------------------------
Synthesis finished with 0 errors, 0 critical warnings and 16 warnings.
Synthesis Optimization Runtime : Time (s): cpu = 00:00:28 ; elapsed = 00:00:38 . Memory (MB): peak = 1567.328 ; gain = 918.086
Synthesis Optimization Complete : Time (s): cpu = 00:00:38 ; elapsed = 00:00:40 . Memory (MB): peak = 1567.328 ; gain = 1005.109
INFO: [Project 1-571] Translating synthesized netlist
Netlist sorting complete. Time (s): cpu = 00:00:00 ; elapsed = 00:00:00.003 . Memory (MB): peak = 1567.328 ; gain = 0.000
INFO: [Netlist 29-17] Analyzing 12 Unisim elements for replacement
INFO: [Netlist 29-28] Unisim Transformation completed in 0 CPU seconds
INFO: [Project 1-570] Preparing netlist for logic optimization
INFO: [Opt 31-138] Pushed 0 inverter(s) to 0 load pin(s).
Netlist sorting complete. Time (s): cpu = 00:00:00 ; elapsed = 00:00:00.001 . Memory (MB): peak = 1568.035 ; gain = 0.000
INFO: [Project 1-111] Unisim Transformation Summary:
No Unisim elements were transformed.

Synth Design complete | Checksum: f7ebc0aa
INFO: [Common 17-83] Releasing license: Synthesis
60 Infos, 27 Warnings, 0 Critical Warnings and 0 Errors encountered.
synth_design completed successfully
synth_design: Time (s): cpu = 00:00:43 ; elapsed = 00:00:47 . Memory (MB): peak = 1568.035 ; gain = 1196.809
Write ShapeDB Complete: Time (s): cpu = 00:00:00 ; elapsed = 00:00:00.002 . Memory (MB): peak = 1568.035 ; gain = 0.000
INFO: [Common 17-1381] The checkpoint 'D:/SignedSPM/Eight_bit_SPM/Eight_bit_SPM.runs/synth_1/top.dcp' has been generated.
INFO: [Vivado 12-24828] Executing command : report_utilization -file top_utilization_synth.rpt -pb top_utilization_synth.pb
INFO: [Common 17-206] Exiting Vivado at Wed May 21 00:35:43 2025...
