Vivado Simulator v2024.2.0
Copyright 1986-2022 Xilinx, Inc. All Rights Reserved.
Copyright 2022-2024 Advanced Micro Devices, Inc. All Rights Reserved.
Running: C:/Xilinx/Vivado/2024.2/bin/unwrapped/win64.o/xelab.exe --incr --debug typical --relax --mt 2 -L xil_defaultlib -L unisims_ver -L unimacro_ver -L secureip --snapshot SPM_tb_behav xil_defaultlib.SPM_tb xil_defaultlib.glbl -log elaborate.log 
Using 2 slave threads.
Starting static elaboration
Pass Through NonSizing Optimizer
Completed static elaboration
Starting simulation data flow analysis
Completed simulation data flow analysis
Time Resolution for simulation is 1ps
Compiling module xil_defaultlib.Binary_Counter(x=32,n=250000)
Compiling module xil_defaultlib.Clock_Dvider(n=250000)
Compiling module xil_defaultlib.debouncer
Compiling module xil_defaultlib.synchronizer
Compiling module xil_defaultlib.Rising_Edge_Detector
Compiling module xil_defaultlib.Push_Button_Detector
Compiling module xil_defaultlib.Binary_Counter(n=8)
Compiling module xil_defaultlib.Binary_Counter(x=5,n=17)
Compiling module xil_defaultlib.TCMP
Compiling module xil_defaultlib.HA
Compiling module xil_defaultlib.CSA
Compiling module xil_defaultlib.SPM
Compiling module xil_defaultlib.SPM_tb
Compiling module xil_defaultlib.glbl
Built simulation snapshot SPM_tb_behav
